<?xml version="1.0" encoding="UTF-8"?>
<!-- Generated by org.testng.reporters.JUnitReportReporter -->
<testsuite skipped="0" hostname="roaim" name="com.project.parkingCalc.ParkingCalculator" tests="1" failures="0" timestamp="15 Jul 2017 16:24:01 GMT" time="92.237" errors="0">
  <testcase name="parkingCalac" time="92.237" classname="com.project.parkingCalc.ParkingCalculator"/>
</testsuite> <!-- com.project.parkingCalc.ParkingCalculator -->
