<?xml version="1.0" encoding="UTF-8"?>
<!-- Generated by org.testng.reporters.JUnitReportReporter -->
<testsuite skipped="1" hostname="roaim" name="com.project.automationPrc.Test.AutomationPracMainTest" tests="2" failures="0" timestamp="18 Jun 2017 01:39:10 GMT" time="16.503" errors="0">
  <testcase name="signIn_newuser" time="16.503" classname="com.project.automationPrc.Test.AutomationPracMainTest"/>
  <testcase name="contacUs" classname="com.project.automationPrc.Test.AutomationPracMainTest">
    <skipped/>
  </testcase> <!-- contacUs -->
</testsuite> <!-- com.project.automationPrc.Test.AutomationPracMainTest -->
